<?xml version="1.0" encoding="UTF-8"?>
<!-- Generated by org.testng.reporters.JUnitReportReporter -->
<testsuite hostname="342-nb-6s9srn2" failures="0" tests="1" name="com.syscolabs.qe.tests.EmployeeTest" time="2.440" errors="0" timestamp="14 May 2020 22:01:08 GMT">
  <testcase classname="com.syscolabs.qe.tests.EmployeeTest" name="testEmployees" time="2.440"/>
</testsuite> <!-- com.syscolabs.qe.tests.EmployeeTest -->
